[debug] [2022-09-11T03:36:20.729Z] ----------------------------------------------------------------------
[debug] [2022-09-11T03:36:20.730Z] Command:       /home/torrcod/.nvm/versions/node/v16.13.0/bin/node /home/torrcod/.nvm/versions/node/v16.13.0/bin/firebase emulators:start --import=./emudata --export-on-exit
[debug] [2022-09-11T03:36:20.730Z] CLI Version:   11.8.1
[debug] [2022-09-11T03:36:20.730Z] Platform:      linux
[debug] [2022-09-11T03:36:20.731Z] Node Version:  v16.13.0
[debug] [2022-09-11T03:36:20.731Z] Time:          Sun Sep 11 2022 11:36:20 GMT+0800 (Philippine Standard Time)
[debug] [2022-09-11T03:36:20.731Z] ----------------------------------------------------------------------
[debug] 
[debug] [2022-09-11T03:36:20.732Z] >>> [apiv2][query] GET https://firebase-public.firebaseio.com/cli.json [none]
[debug] [2022-09-11T03:36:20.781Z] > command requires scopes: ["email","openid","https://www.googleapis.com/auth/cloudplatformprojects.readonly","https://www.googleapis.com/auth/firebase","https://www.googleapis.com/auth/cloud-platform"]
[debug] Failed to authenticate, have you run firebase login?
[warn] ⚠  emulators: You are not currently authenticated so some features may not work correctly. Please run firebase login to authenticate the CLI. 
[debug] [2022-09-11T03:36:20.841Z] openjdk version "11.0.16" 2022-07-19

[debug] [2022-09-11T03:36:20.842Z] OpenJDK Runtime Environment (build 11.0.16+8-post-Ubuntu-0ubuntu122.04)
OpenJDK 64-Bit Server VM (build 11.0.16+8-post-Ubuntu-0ubuntu122.04, mixed mode, sharing)

[debug] [2022-09-11T03:36:20.844Z] Parsed Java major version: 11
[info] i  emulators: Starting emulators: auth, database, hosting, storage {"metadata":{"emulator":{"name":"hub"},"message":"Starting emulators: auth, database, hosting, storage"}}
[debug] [2022-09-11T03:36:20.848Z] [hub] writing locator at /tmp/hub-hbomb-d8887.json
[debug] [2022-09-11T03:36:20.852Z] > refreshing access token with scopes: []
[debug] [2022-09-11T03:36:20.852Z] >>> [apiv2][query] POST https://www.googleapis.com/oauth2/v3/token [none]
[debug] [2022-09-11T03:36:20.852Z] >>> [apiv2][body] POST https://www.googleapis.com/oauth2/v3/token [omitted]
[debug] [2022-09-11T03:36:20.966Z] <<< [apiv2][status] POST https://www.googleapis.com/oauth2/v3/token 400
[debug] [2022-09-11T03:36:20.966Z] <<< [apiv2][body] POST https://www.googleapis.com/oauth2/v3/token [omitted]
[debug] [2022-09-11T03:36:20.966Z] >>> [apiv2][query] GET https://firebase.googleapis.com/v1beta1/projects/hbomb-d8887 [none]
[debug] [2022-09-11T03:36:21.064Z] <<< [apiv2][status] GET https://firebase.googleapis.com/v1beta1/projects/hbomb-d8887 401
[debug] [2022-09-11T03:36:21.064Z] <<< [apiv2][body] GET https://firebase.googleapis.com/v1beta1/projects/hbomb-d8887 {"error":{"code":401,"message":"Request is missing required authentication credential. Expected OAuth 2 access token, login cookie or other valid authentication credential. See https://developers.google.com/identity/sign-in/web/devconsole-project.","status":"UNAUTHENTICATED","details":[{"@type":"type.googleapis.com/google.rpc.ErrorInfo","reason":"CREDENTIALS_MISSING","domain":"googleapis.com","metadata":{"service":"firebase.googleapis.com","method":"google.firebase.service.v1beta1.FirebaseProjectService.GetFirebaseProject"}}]}}
[debug] [2022-09-11T03:36:21.064Z] HTTP Error: 401, Request is missing required authentication credential. Expected OAuth 2 access token, login cookie or other valid authentication credential. See https://developers.google.com/identity/sign-in/web/devconsole-project.
[debug] [2022-09-11T03:36:21.065Z] Failed to retrieve default database instance: {"name":"FirebaseError","children":[],"exit":2,"message":"Failed to get Firebase project hbomb-d8887. Please make sure the project exists and your account has permission to access it.","original":{"name":"FirebaseError","children":[],"context":{"body":{"error":{"code":401,"message":"Request is missing required authentication credential. Expected OAuth 2 access token, login cookie or other valid authentication credential. See https://developers.google.com/identity/sign-in/web/devconsole-project.","status":"UNAUTHENTICATED","details":[{"@type":"type.googleapis.com/google.rpc.ErrorInfo","reason":"CREDENTIALS_MISSING","domain":"googleapis.com","metadata":{"service":"firebase.googleapis.com","method":"google.firebase.service.v1beta1.FirebaseProjectService.GetFirebaseProject"}}]}},"response":{"statusCode":401}},"exit":1,"message":"HTTP Error: 401, Request is missing required authentication credential. Expected OAuth 2 access token, login cookie or other valid authentication credential. See https://developers.google.com/identity/sign-in/web/devconsole-project.","status":401},"status":500} {"metadata":{"emulator":{"name":"database"},"message":"Failed to retrieve default database instance: {\"name\":\"FirebaseError\",\"children\":[],\"exit\":2,\"message\":\"Failed to get Firebase project hbomb-d8887. Please make sure the project exists and your account has permission to access it.\",\"original\":{\"name\":\"FirebaseError\",\"children\":[],\"context\":{\"body\":{\"error\":{\"code\":401,\"message\":\"Request is missing required authentication credential. Expected OAuth 2 access token, login cookie or other valid authentication credential. See https://developers.google.com/identity/sign-in/web/devconsole-project.\",\"status\":\"UNAUTHENTICATED\",\"details\":[{\"@type\":\"type.googleapis.com/google.rpc.ErrorInfo\",\"reason\":\"CREDENTIALS_MISSING\",\"domain\":\"googleapis.com\",\"metadata\":{\"service\":\"firebase.googleapis.com\",\"method\":\"google.firebase.service.v1beta1.FirebaseProjectService.GetFirebaseProject\"}}]}},\"response\":{\"statusCode\":401}},\"exit\":1,\"message\":\"HTTP Error: 401, Request is missing required authentication credential. Expected OAuth 2 access token, login cookie or other valid authentication credential. See https://developers.google.com/identity/sign-in/web/devconsole-project.\",\"status\":401},\"status\":500}"}}
[debug] [2022-09-11T03:36:21.065Z] database rules config:  [{"instance":"hbomb-d8887-default-rtdb","rules":"/home/torrcod/Documents/Projects/hbomb-app/database.rules.json"}]
[info] i  database: downloading firebase-database-emulator-v4.8.0.jar... {"metadata":{"emulator":{"name":"database"},"message":"downloading firebase-database-emulator-v4.8.0.jar..."}}
[debug] [2022-09-11T03:36:21.070Z] >>> [apiv2][query] GET https://storage.googleapis.com/firebase-preview-drop/emulator/firebase-database-emulator-v4.8.0.jar 
[debug] [2022-09-11T03:36:21.231Z] <<< [apiv2][status] GET https://firebase-public.firebaseio.com/cli.json 200
[debug] [2022-09-11T03:36:21.231Z] <<< [apiv2][body] GET https://firebase-public.firebaseio.com/cli.json {"cloudBuildErrorAfter":1594252800000,"cloudBuildWarnAfter":1590019200000,"defaultNode10After":1594252800000,"minVersion":"3.0.5","node8DeploysDisabledAfter":1613390400000,"node8RuntimeDisabledAfter":1615809600000,"node8WarnAfter":1600128000000}
[debug] [2022-09-11T03:36:21.597Z] <<< [apiv2][status] GET https://storage.googleapis.com/firebase-preview-drop/emulator/firebase-database-emulator-v4.8.0.jar 200
[debug] [2022-09-11T03:36:21.598Z] <<< [apiv2][body] GET https://storage.googleapis.com/firebase-preview-drop/emulator/firebase-database-emulator-v4.8.0.jar [stream]
[debug] [2022-09-11T03:36:26.283Z] Ignoring unsupported arg: projectId {"metadata":{"emulator":{"name":"database"},"message":"Ignoring unsupported arg: projectId"}}
[debug] [2022-09-11T03:36:26.284Z] Ignoring unsupported arg: auto_download {"metadata":{"emulator":{"name":"database"},"message":"Ignoring unsupported arg: auto_download"}}
[debug] [2022-09-11T03:36:26.284Z] Ignoring unsupported arg: rules {"metadata":{"emulator":{"name":"database"},"message":"Ignoring unsupported arg: rules"}}
[debug] [2022-09-11T03:36:26.284Z] Starting Database Emulator with command {"binary":"java","args":["-Duser.language=en","-jar","/home/torrcod/.cache/firebase/emulators/firebase-database-emulator-v4.8.0.jar","--host","localhost","--port",9000],"optionalArgs":["port","host","functions_emulator_port","functions_emulator_host"],"joinArgs":false} {"metadata":{"emulator":{"name":"database"},"message":"Starting Database Emulator with command {\"binary\":\"java\",\"args\":[\"-Duser.language=en\",\"-jar\",\"/home/torrcod/.cache/firebase/emulators/firebase-database-emulator-v4.8.0.jar\",\"--host\",\"localhost\",\"--port\",9000],\"optionalArgs\":[\"port\",\"host\",\"functions_emulator_port\",\"functions_emulator_host\"],\"joinArgs\":false}"}}
[info] i  database: Database Emulator logging to database-debug.log {"metadata":{"emulator":{"name":"database"},"message":"Database Emulator logging to \u001b[1mdatabase-debug.log\u001b[22m"}}
[debug] [2022-09-11T03:36:26.717Z] WARNING: An illegal reflective access operation has occurred
WARNING: Illegal reflective access by io.netty.util.internal.ReflectionUtil (file:/home/torrcod/.cache/firebase/emulators/firebase-database-emulator-v4.8.0.jar) to field sun.nio.ch.SelectorImpl.selectedKeys
WARNING: Please consider reporting this to the maintainers of io.netty.util.internal.ReflectionUtil
WARNING: Use --illegal-access=warn to enable warnings of further illegal reflective access operations
WARNING: All illegal access operations will be denied in a future release
 {"metadata":{"emulator":{"name":"database"},"message":"WARNING: An illegal reflective access operation has occurred\nWARNING: Illegal reflective access by io.netty.util.internal.ReflectionUtil (file:/home/torrcod/.cache/firebase/emulators/firebase-database-emulator-v4.8.0.jar) to field sun.nio.ch.SelectorImpl.selectedKeys\nWARNING: Please consider reporting this to the maintainers of io.netty.util.internal.ReflectionUtil\nWARNING: Use --illegal-access=warn to enable warnings of further illegal reflective access operations\nWARNING: All illegal access operations will be denied in a future release\n"}}
[debug] [2022-09-11T03:36:27.170Z] 11:36:27.169 [NamespaceSystem-akka.actor.default-dispatcher-4] INFO akka.event.slf4j.Slf4jLogger - Slf4jLogger started
 {"metadata":{"emulator":{"name":"database"},"message":"11:36:27.169 [NamespaceSystem-akka.actor.default-dispatcher-4] INFO akka.event.slf4j.Slf4jLogger - Slf4jLogger started\n"}}
[debug] [2022-09-11T03:36:27.273Z] 11:36:27.272 [main] INFO com.firebase.server.forge.App$ - Listening at localhost:9000
 {"metadata":{"emulator":{"name":"database"},"message":"11:36:27.272 [main] INFO com.firebase.server.forge.App$ - Listening at localhost:9000\n"}}
[info] i  database: Importing data from /home/torrcod/Documents/Projects/hbomb-app/emudata/database_export/hbomb-d8887-default-rtdb.json {"metadata":{"emulator":{"name":"database"},"message":"Importing data from /home/torrcod/Documents/Projects/hbomb-app/emudata/database_export/hbomb-d8887-default-rtdb.json"}}
[debug] [2022-09-11T03:36:27.538Z] 11:36:27.538 [NamespaceSystem-akka.actor.default-dispatcher-5] INFO com.firebase.core.namespace.NamespaceActor - hbomb-d8887-default-rtdb successfully activated FBKV (SurveyIdle(0)) wait: 105ms, init: 0ms
 {"metadata":{"emulator":{"name":"database"},"message":"11:36:27.538 [NamespaceSystem-akka.actor.default-dispatcher-5] INFO com.firebase.core.namespace.NamespaceActor - hbomb-d8887-default-rtdb successfully activated FBKV (SurveyIdle(0)) wait: 105ms, init: 0ms\n"}}
[info] i  auth: Importing config from /home/torrcod/Documents/Projects/hbomb-app/emudata/auth_export/config.json {"metadata":{"emulator":{"name":"auth"},"message":"Importing config from /home/torrcod/Documents/Projects/hbomb-app/emudata/auth_export/config.json"}}
[info] i  auth: Importing accounts from /home/torrcod/Documents/Projects/hbomb-app/emudata/auth_export/accounts.json {"metadata":{"emulator":{"name":"auth"},"message":"Importing accounts from /home/torrcod/Documents/Projects/hbomb-app/emudata/auth_export/accounts.json"}}
[info] i  storage: downloading cloud-storage-rules-runtime-v1.0.2.jar... {"metadata":{"emulator":{"name":"storage"},"message":"downloading cloud-storage-rules-runtime-v1.0.2.jar..."}}
[debug] [2022-09-11T03:36:32.805Z] >>> [apiv2][query] GET https://storage.googleapis.com/firebase-preview-drop/emulator/cloud-storage-rules-runtime-v1.0.2.jar 
[debug] [2022-09-11T03:36:33.254Z] <<< [apiv2][status] GET https://storage.googleapis.com/firebase-preview-drop/emulator/cloud-storage-rules-runtime-v1.0.2.jar 200
[debug] [2022-09-11T03:36:33.254Z] <<< [apiv2][body] GET https://storage.googleapis.com/firebase-preview-drop/emulator/cloud-storage-rules-runtime-v1.0.2.jar [stream]
[debug] [2022-09-11T03:36:37.836Z] Ignoring unsupported arg: port {"metadata":{"emulator":{"name":"storage"},"message":"Ignoring unsupported arg: port"}}
[debug] [2022-09-11T03:36:38.411Z] Temp file directory for storage emulator: /tmp/firebase/storage/blobs {"metadata":{"emulator":{"name":"storage"},"message":"Temp file directory for storage emulator: /tmp/firebase/storage/blobs"}}
[debug] [2022-09-11T03:36:38.419Z] > refreshing access token with scopes: []
[debug] [2022-09-11T03:36:38.420Z] >>> [apiv2][query] POST https://www.googleapis.com/oauth2/v3/token [none]
[debug] [2022-09-11T03:36:38.420Z] >>> [apiv2][body] POST https://www.googleapis.com/oauth2/v3/token [omitted]
[debug] [2022-09-11T03:36:38.524Z] <<< [apiv2][status] POST https://www.googleapis.com/oauth2/v3/token 400
[debug] [2022-09-11T03:36:38.524Z] <<< [apiv2][body] POST https://www.googleapis.com/oauth2/v3/token [omitted]
[debug] [2022-09-11T03:36:38.524Z] >>> [apiv2][query] GET https://firebasehosting.googleapis.com/v1beta1/projects/hbomb-d8887/sites 
[debug] [2022-09-11T03:36:38.875Z] <<< [apiv2][status] GET https://firebasehosting.googleapis.com/v1beta1/projects/hbomb-d8887/sites 401
[debug] [2022-09-11T03:36:38.875Z] <<< [apiv2][body] GET https://firebasehosting.googleapis.com/v1beta1/projects/hbomb-d8887/sites {"error":{"code":401,"message":"Request is missing required authentication credential. Expected OAuth 2 access token, login cookie or other valid authentication credential. See https://developers.google.com/identity/sign-in/web/devconsole-project.","status":"UNAUTHENTICATED","details":[{"@type":"type.googleapis.com/google.rpc.ErrorInfo","reason":"CREDENTIALS_MISSING","domain":"googleapis.com","metadata":{"method":"google.firebase.hosting.v1beta1.MetadataService.ListSites","service":"firebasehosting.googleapis.com"}}]}}
[debug] [2022-09-11T03:36:38.876Z] Failed to list hosting sites
[debug] HTTP Error: 401, Request is missing required authentication credential. Expected OAuth 2 access token, login cookie or other valid authentication credential. See https://developers.google.com/identity/sign-in/web/devconsole-project.
[debug] [2022-09-11T03:36:38.876Z] > refreshing access token with scopes: []
[debug] [2022-09-11T03:36:38.877Z] >>> [apiv2][query] POST https://www.googleapis.com/oauth2/v3/token [none]
[debug] [2022-09-11T03:36:38.877Z] >>> [apiv2][body] POST https://www.googleapis.com/oauth2/v3/token [omitted]
[debug] [2022-09-11T03:36:38.979Z] <<< [apiv2][status] POST https://www.googleapis.com/oauth2/v3/token 400
[debug] [2022-09-11T03:36:38.979Z] <<< [apiv2][body] POST https://www.googleapis.com/oauth2/v3/token [omitted]
[debug] [2022-09-11T03:36:38.979Z] >>> [apiv2][query] GET https://firebase.googleapis.com/v1beta1/projects/hbomb-d8887/webApps/-/config [none]
[debug] [2022-09-11T03:36:39.069Z] <<< [apiv2][status] GET https://firebase.googleapis.com/v1beta1/projects/hbomb-d8887/webApps/-/config 401
[debug] [2022-09-11T03:36:39.069Z] <<< [apiv2][body] GET https://firebase.googleapis.com/v1beta1/projects/hbomb-d8887/webApps/-/config {"error":{"code":401,"message":"Request is missing required authentication credential. Expected OAuth 2 access token, login cookie or other valid authentication credential. See https://developers.google.com/identity/sign-in/web/devconsole-project.","status":"UNAUTHENTICATED","details":[{"@type":"type.googleapis.com/google.rpc.ErrorInfo","reason":"CREDENTIALS_MISSING","domain":"googleapis.com","metadata":{"service":"firebase.googleapis.com","method":"google.firebase.service.v1beta1.WebAppService.GetWebAppConfig"}}]}}
[debug] [2022-09-11T03:36:39.069Z] fetchWebSetup error: FirebaseError: HTTP Error: 401, Request is missing required authentication credential. Expected OAuth 2 access token, login cookie or other valid authentication credential. See https://developers.google.com/identity/sign-in/web/devconsole-project.
[warn] ⚠  hosting: Could not fetch web app configuration and there is no cached configuration on this machine. Check your internet connection and make sure you are authenticated. To continue, you must call firebase.initializeApp({...}) in your code before using Firebase. 
[info] i  hosting: Serving hosting files from: build {"metadata":{"emulator":{"name":"hosting"},"message":"Serving hosting files from: \u001b[1mbuild\u001b[22m"}}
[info] ✔  hosting: Local server: http://localhost:5000 {"metadata":{"emulator":{"name":"hosting"},"message":"Local server: \u001b[4m\u001b[1mhttp://localhost:5000\u001b[22m\u001b[24m"}}
[info] i  ui: downloading ui-v1.9.0.zip... {"metadata":{"emulator":{"name":"ui"},"message":"downloading ui-v1.9.0.zip..."}}
[debug] [2022-09-11T03:36:39.085Z] >>> [apiv2][query] GET https://storage.googleapis.com/firebase-preview-drop/emulator/ui-v1.9.0.zip 
[debug] [2022-09-11T03:36:39.358Z] <<< [apiv2][status] GET https://storage.googleapis.com/firebase-preview-drop/emulator/ui-v1.9.0.zip 200
[debug] [2022-09-11T03:36:39.358Z] <<< [apiv2][body] GET https://storage.googleapis.com/firebase-preview-drop/emulator/ui-v1.9.0.zip [stream]
[debug] [2022-09-11T03:36:39.801Z] Ignoring unsupported arg: auto_download {"metadata":{"emulator":{"name":"ui"},"message":"Ignoring unsupported arg: auto_download"}}
[debug] [2022-09-11T03:36:39.802Z] Ignoring unsupported arg: port {"metadata":{"emulator":{"name":"ui"},"message":"Ignoring unsupported arg: port"}}
[debug] [2022-09-11T03:36:39.802Z] Starting Emulator UI with command {"binary":"node","args":["/home/torrcod/.cache/firebase/emulators/ui-v1.9.0/server/server.js"],"optionalArgs":[],"joinArgs":false} {"metadata":{"emulator":{"name":"ui"},"message":"Starting Emulator UI with command {\"binary\":\"node\",\"args\":[\"/home/torrcod/.cache/firebase/emulators/ui-v1.9.0/server/server.js\"],\"optionalArgs\":[],\"joinArgs\":false}"}}
[info] i  ui: Emulator UI logging to ui-debug.log {"metadata":{"emulator":{"name":"ui"},"message":"Emulator UI logging to \u001b[1mui-debug.log\u001b[22m"}}
[debug] [2022-09-11T03:36:39.881Z] Web / API server started at localhost:4000
 {"metadata":{"emulator":{"name":"ui"},"message":"Web / API server started at localhost:4000\n"}}
[debug] [2022-09-11T03:36:40.062Z] >>> [apiv2][query] PUT http://localhost:9000/.settings/rules.json ns=hbomb-d8887-default-rtdb
[debug] [2022-09-11T03:36:40.062Z] >>> [apiv2][body] PUT http://localhost:9000/.settings/rules.json "{\n  \"rules\": {\n    \"ImageDataApi\":{\".read\":\"true\",\".write\":\"auth != null\"},\n    \"OfferData\":{\".read\":\"true\",\".write\":\"auth != null\"},\n    \"onlineshop-category\":{\".read\":\"true\",\".write\":\"auth != null\"},\n    \"onlineshop-items\":{\".read\":\"true\",\".write\":\"auth != null\"},\n    \"productlandingpage\":{\".read\":\"true\",\".write\":\"auth != null\"},\n    \"order-list\":{\".read\":\"auth != null\",\".write\":\"true\"}\n  }\n}"
[debug] [2022-09-11T03:36:40.097Z] 11:36:40.097 [NamespaceSystem-blocking-namespace-operation-dispatcher-8:hbomb-d8887-default-rtdb$-571334611:] INFO com.firebase.core.namespace.StateManager - Namespace hbomb-d8887-default-rtdb status Active to Active
 {"metadata":{"emulator":{"name":"database"},"message":"11:36:40.097 [NamespaceSystem-blocking-namespace-operation-dispatcher-8:hbomb-d8887-default-rtdb$-571334611:] INFO com.firebase.core.namespace.StateManager - Namespace hbomb-d8887-default-rtdb status Active to Active\n"}}
[debug] [2022-09-11T03:36:40.107Z] <<< [apiv2][status] PUT http://localhost:9000/.settings/rules.json 200
[debug] [2022-09-11T03:36:40.107Z] <<< [apiv2][body] PUT http://localhost:9000/.settings/rules.json {"status":"ok"}
[info] 
┌─────────────────────────────────────────────────────────────┐
│ ✔  All emulators ready! It is now safe to connect your app. │
│ i  View Emulator UI at http://localhost:4000                │
└─────────────────────────────────────────────────────────────┘

┌────────────────┬────────────────┬────────────────────────────────┐
│ Emulator       │ Host:Port      │ View in Emulator UI            │
├────────────────┼────────────────┼────────────────────────────────┤
│ Authentication │ localhost:9099 │ http://localhost:4000/auth     │
├────────────────┼────────────────┼────────────────────────────────┤
│ Database       │ localhost:9000 │ http://localhost:4000/database │
├────────────────┼────────────────┼────────────────────────────────┤
│ Hosting        │ localhost:5000 │ n/a                            │
├────────────────┼────────────────┼────────────────────────────────┤
│ Storage        │ localhost:9199 │ http://localhost:4000/storage  │
└────────────────┴────────────────┴────────────────────────────────┘
  Emulator Hub running at localhost:4400
  Other reserved ports: 4500

Issues? Report them at https://github.com/firebase/firebase-tools/issues and attach the *-debug.log files.
 
[debug] [2022-09-11T03:36:47.312Z] 11:36:47.312 [NamespaceSystem-akka.actor.default-dispatcher-5] INFO com.firebase.core.namespace.NamespaceActor - hbomb-d8887 successfully activated FBKV (SurveyIdle(0)) wait: 2ms, init: 0ms
 {"metadata":{"emulator":{"name":"database"},"message":"11:36:47.312 [NamespaceSystem-akka.actor.default-dispatcher-5] INFO com.firebase.core.namespace.NamespaceActor - hbomb-d8887 successfully activated FBKV (SurveyIdle(0)) wait: 2ms, init: 0ms\n"}}
